
==============================================

!Tue Apr 29 10:13:12 IST 2025

Processing file APP_Aggregation_Backend\MF3_Backend.msgflow.
Successfully added file APP_Aggregation_Backend\MF3_Backend.msgflow to BAR file.

==============================================

!Tue Apr 29 10:13:12 IST 2025

Processing file APP_Aggregation_Backend\MF2_Backend.msgflow.
Successfully added file APP_Aggregation_Backend\MF2_Backend.msgflow to BAR file.

==============================================

!Tue Apr 29 10:13:12 IST 2025

Processing file APP_Aggregation_Backend\MF1_Backend.msgflow.
Successfully added file APP_Aggregation_Backend\MF1_Backend.msgflow to BAR file.

==============================================

!Tue Apr 29 10:13:12 IST 2025

Processing file APP_Aggregation_Backend\MF1_Backend_Compute.esql.
Successfully added file APP_Aggregation_Backend\MF1_Backend_Compute.esql to BAR file.

==============================================

!Tue Apr 29 10:13:12 IST 2025

Processing file APP_Aggregation_Backend\MF2_Backend_Compute.esql.
Successfully added file APP_Aggregation_Backend\MF2_Backend_Compute.esql to BAR file.

==============================================

!Tue Apr 29 10:13:12 IST 2025

Processing file APP_Aggregation_Backend\MF3_Backend_Compute.esql.
Successfully added file APP_Aggregation_Backend\MF3_Backend_Compute.esql to BAR file.

==============================================

!Tue Apr 29 10:13:12 IST 2025

Processing file APP_Aggregation_Backend\application.descriptor.
Successfully added file APP_Aggregation_Backend\application.descriptor to BAR file.
Elapsed time: 0.001 second(s).

Successfully added file APP_Aggregation_Backend\application.descriptor to BAR file.

==============================================

!Tue Apr 29 10:13:12 IST 2025

Processing file APP_Aggregation_Backend\application.descriptor.
Successfully added file APP_Aggregation_Backend\application.descriptor to BAR file.
Elapsed time: 0 second(s).

Successfully added file APP_Aggregation_Backend\application.descriptor to BAR file.
