
==============================================

!Tue Apr 29 10:29:52 IST 2025

Processing file APP_AggregationNodes\MF_AggregationNodes.msgflow.
Successfully added file APP_AggregationNodes\MF_AggregationNodes.msgflow to BAR file.

==============================================

!Tue Apr 29 10:29:52 IST 2025

Processing file APP_AggregationNodes\MF_AggregationNodes_Compute.esql.
Successfully added file APP_AggregationNodes\MF_AggregationNodes_Compute.esql to BAR file.

==============================================

!Tue Apr 29 10:29:52 IST 2025

Processing file APP_AggregationNodes\MF_AggregationNodes_Compute1.esql.
Successfully added file APP_AggregationNodes\MF_AggregationNodes_Compute1.esql to BAR file.

==============================================

!Tue Apr 29 10:29:52 IST 2025

Processing file APP_AggregationNodes\MF_AggregationNodes_Compute2.esql.
Successfully added file APP_AggregationNodes\MF_AggregationNodes_Compute2.esql to BAR file.

==============================================

!Tue Apr 29 10:29:52 IST 2025

Processing file APP_AggregationNodes\application.descriptor.
Successfully added file APP_AggregationNodes\application.descriptor to BAR file.
Elapsed time: 0 second(s).

Successfully added file APP_AggregationNodes\application.descriptor to BAR file.

==============================================

!Tue Apr 29 10:29:52 IST 2025

Processing file APP_AggregationNodes\application.descriptor.
Successfully added file APP_AggregationNodes\application.descriptor to BAR file.
Elapsed time: 0 second(s).

Successfully added file APP_AggregationNodes\application.descriptor to BAR file.
